{"numTotalTestSuites":16,"numPassedTestSuites":16,"numFailedTestSuites":0,"numPendingTestSuites":0,"numTotalTests":41,"numPassedTests":41,"numFailedTests":0,"numPendingTests":0,"numTodoTests":0,"snapshot":{"added":0,"failure":false,"filesAdded":0,"filesRemoved":0,"filesRemovedList":[],"filesUnmatched":0,"filesUpdated":0,"matched":0,"total":0,"unchecked":0,"uncheckedKeysByFile":[],"unmatched":0,"updated":0,"didUpdate":false},"startTime":1778250305499,"success":true,"testResults":[{"assertionResults":[{"ancestorTitles":["api flows"],"fullName":"api flows session endpoint reports anonymous visitor","status":"passed","title":"session endpoint reports anonymous visitor","duration":258.22479999999996,"failureMessages":[],"meta":{}},{"ancestorTitles":["api flows"],"fullName":"api flows registration rejects invalid Ukrainian phone","status":"passed","title":"registration rejects invalid Ukrainian phone","duration":203.0534000000007,"failureMessages":[],"meta":{}},{"ancestorTitles":["api flows"],"fullName":"api flows registration creates a pending-verification account","status":"passed","title":"registration creates a pending-verification account","duration":341.34840000000077,"failureMessages":[],"meta":{}},{"ancestorTitles":["api flows"],"fullName":"api flows client login creates a session and logout clears it","status":"passed","title":"client login creates a session and logout clears it","duration":378.91889999999876,"failureMessages":[],"meta":{}},{"ancestorTitles":["api flows"],"fullName":"api flows cart endpoint requires authentication","status":"passed","title":"cart endpoint requires authentication","duration":334.880799999999,"failureMessages":[],"meta":{}},{"ancestorTitles":["api flows"],"fullName":"api flows authenticated client receives seeded active cart","status":"passed","title":"authenticated client receives seeded active cart","duration":436.65939999999864,"failureMessages":[],"meta":{}},{"ancestorTitles":["api flows"],"fullName":"api flows adding the same ready product updates quantity in cart","status":"passed","title":"adding the same ready product updates quantity in cart","duration":421.6713,"failureMessages":[],"meta":{}},{"ancestorTitles":["api flows"],"fullName":"api flows constructor config exposes active jewelry types","status":"passed","title":"constructor config exposes active jewelry types","duration":262.90350000000035,"failureMessages":[],"meta":{}},{"ancestorTitles":["api flows"],"fullName":"api flows checkout endpoint rejects request without required agreements","status":"passed","title":"checkout endpoint rejects request without required agreements","duration":386.1152000000002,"failureMessages":[],"meta":{}},{"ancestorTitles":["api flows"],"fullName":"api flows orders endpoints require ownership and authentication","status":"passed","title":"orders endpoints require ownership and authentication","duration":406.53219999999965,"failureMessages":[],"meta":{}},{"ancestorTitles":["api flows"],"fullName":"api flows client cannot access admin orders endpoints","status":"passed","title":"client cannot access admin orders endpoints","duration":369.97550000000047,"failureMessages":[],"meta":{}},{"ancestorTitles":["api flows"],"fullName":"api flows admin login grants access to orders dashboard and order details","status":"passed","title":"admin login grants access to orders dashboard and order details","duration":397.34209999999985,"failureMessages":[],"meta":{}}],"startTime":1778250312495,"endTime":1778250316693.342,"status":"passed","message":"","name":"E:/diploma (7)/diploma/tests/integration/api-flows.test.js"},{"assertionResults":[{"ancestorTitles":["app integration"],"fullName":"app integration returns health response","status":"passed","title":"returns health response","duration":9.983400000000984,"failureMessages":[],"meta":{}},{"ancestorTitles":["app integration"],"fullName":"app integration returns 404 for unknown api route","status":"passed","title":"returns 404 for unknown api route","duration":11.783300000000963,"failureMessages":[],"meta":{}},{"ancestorTitles":["app integration"],"fullName":"app integration adds baseline security headers","status":"passed","title":"adds baseline security headers","duration":9.707300000000032,"failureMessages":[],"meta":{}},{"ancestorTitles":["app integration"],"fullName":"app integration rate limits repeated auth attempts","status":"passed","title":"rate limits repeated auth attempts","duration":91.78629999999976,"failureMessages":[],"meta":{}}],"startTime":1778250316711,"endTime":1778250316833.7864,"status":"passed","message":"","name":"E:/diploma (7)/diploma/tests/integration/app.test.js"},{"assertionResults":[{"ancestorTitles":["cart and checkout integrity"],"fullName":"cart and checkout integrity reuses the same active cart for the user","status":"passed","title":"reuses the same active cart for the user","duration":245.29170000000022,"failureMessages":[],"meta":{}},{"ancestorTitles":["cart and checkout integrity"],"fullName":"cart and checkout integrity creates only one order when checkout is requested twice","status":"passed","title":"creates only one order when checkout is requested twice","duration":253.55200000000013,"failureMessages":[],"meta":{}},{"ancestorTitles":["cart and checkout integrity"],"fullName":"cart and checkout integrity payment confirmation is idempotent","status":"passed","title":"payment confirmation is idempotent","duration":256.2350000000006,"failureMessages":[],"meta":{}},{"ancestorTitles":["cart and checkout integrity"],"fullName":"cart and checkout integrity admin cannot skip directly to completed","status":"passed","title":"admin cannot skip directly to completed","duration":246.33070000000043,"failureMessages":[],"meta":{}},{"ancestorTitles":["cart and checkout integrity"],"fullName":"cart and checkout integrity admin rollback requires a comment and cannot skip backward","status":"passed","title":"admin rollback requires a comment and cannot skip backward","duration":223.5605999999998,"failureMessages":[],"meta":{}},{"ancestorTitles":["cart and checkout integrity"],"fullName":"cart and checkout integrity promo redemption is recorded once and updates counters","status":"passed","title":"promo redemption is recorded once and updates counters","duration":249.77390000000014,"failureMessages":[],"meta":{}},{"ancestorTitles":["cart and checkout integrity"],"fullName":"cart and checkout integrity per-user promo limit is enforced after first redemption","status":"passed","title":"per-user promo limit is enforced after first redemption","duration":228.38739999999962,"failureMessages":[],"meta":{}},{"ancestorTitles":["cart and checkout integrity"],"fullName":"cart and checkout integrity database rejects inconsistent cart item shape","status":"passed","title":"database rejects inconsistent cart item shape","duration":204.83840000000055,"failureMessages":[],"meta":{}},{"ancestorTitles":["cart and checkout integrity"],"fullName":"cart and checkout integrity checkout uses account email when payload email is omitted","status":"passed","title":"checkout uses account email when payload email is omitted","duration":214.71109999999953,"failureMessages":[],"meta":{}},{"ancestorTitles":["cart and checkout integrity"],"fullName":"cart and checkout integrity database rejects inconsistent order totals","status":"passed","title":"database rejects inconsistent order totals","duration":210.1192000000001,"failureMessages":[],"meta":{}},{"ancestorTitles":["cart and checkout integrity"],"fullName":"cart and checkout integrity admin dashboard returns filtered orders with summary","status":"passed","title":"admin dashboard returns filtered orders with summary","duration":219.64179999999942,"failureMessages":[],"meta":{}},{"ancestorTitles":["cart and checkout integrity"],"fullName":"cart and checkout integrity catalog filters return matching demo products","status":"passed","title":"catalog filters return matching demo products","duration":379.40630000000056,"failureMessages":[],"meta":{}},{"ancestorTitles":["cart and checkout integrity"],"fullName":"cart and checkout integrity constructor price counts every selected stone slot server-side","status":"passed","title":"constructor price counts every selected stone slot server-side","duration":272.47940000000017,"failureMessages":[],"meta":{}},{"ancestorTitles":["cart and checkout integrity"],"fullName":"cart and checkout integrity constructor price rejects invalid stone slot ids","status":"passed","title":"constructor price rejects invalid stone slot ids","duration":222.8711999999996,"failureMessages":[],"meta":{}},{"ancestorTitles":["cart and checkout integrity"],"fullName":"cart and checkout integrity account endpoint requires auth","status":"passed","title":"account endpoint requires auth","duration":226.61279999999988,"failureMessages":[],"meta":{}},{"ancestorTitles":["cart and checkout integrity"],"fullName":"cart and checkout integrity account endpoint returns profile, current order and completed history","status":"passed","title":"account endpoint returns profile, current order and completed history","duration":509.3069999999998,"failureMessages":[],"meta":{}}],"startTime":1778250308051,"endTime":1778250312215.307,"status":"passed","message":"","name":"E:/diploma (7)/diploma/tests/integration/cart-checkout.test.js"},{"assertionResults":[{"ancestorTitles":["catalog filters"],"fullName":"catalog filters keeps only the supported filter values","status":"passed","title":"keeps only the supported filter values","duration":0.6405000000013388,"failureMessages":[],"meta":{}},{"ancestorTitles":["catalog filters"],"fullName":"catalog filters exposes exactly the requested filter option lists","status":"passed","title":"exposes exactly the requested filter option lists","duration":0.6320999999988999,"failureMessages":[],"meta":{}}],"startTime":1778250316848,"endTime":1778250316848.6404,"status":"passed","message":"","name":"E:/diploma (7)/diploma/tests/unit/catalog-filters.test.js"},{"assertionResults":[{"ancestorTitles":["money utils"],"fullName":"money utils roundCurrency rounds to 2 decimal places","status":"passed","title":"roundCurrency rounds to 2 decimal places","duration":0.30760000000009313,"failureMessages":[],"meta":{}},{"ancestorTitles":["money utils"],"fullName":"money utils sumMoney aggregates and rounds values","status":"passed","title":"sumMoney aggregates and rounds values","duration":0.21370000000024447,"failureMessages":[],"meta":{}}],"startTime":1778250316900,"endTime":1778250316901.2136,"status":"passed","message":"","name":"E:/diploma (7)/diploma/tests/unit/money.test.js"},{"assertionResults":[{"ancestorTitles":["order status flow"],"fullName":"order status flow returns next status in linear workflow","status":"passed","title":"returns next status in linear workflow","duration":0.8633000000008906,"failureMessages":[],"meta":{}},{"ancestorTitles":["order status flow"],"fullName":"order status flow computes overdue for in progress orders older than 14 days","status":"passed","title":"computes overdue for in progress orders older than 14 days","duration":0.7332000000005792,"failureMessages":[],"meta":{}}],"startTime":1778250316862,"endTime":1778250316863.7332,"status":"passed","message":"","name":"E:/diploma (7)/diploma/tests/unit/order-statuses.test.js"},{"assertionResults":[{"ancestorTitles":["preview layers"],"fullName":"preview layers includes base, selected layers and engraving","status":"passed","title":"includes base, selected layers and engraving","duration":0.8144000000011147,"failureMessages":[],"meta":{}}],"startTime":1778250316875,"endTime":1778250316875.8145,"status":"passed","message":"","name":"E:/diploma (7)/diploma/tests/unit/preview.test.js"},{"assertionResults":[{"ancestorTitles":["promo codes"],"fullName":"promo codes calculates percent discount without exceeding subtotal","status":"passed","title":"calculates percent discount without exceeding subtotal","duration":0.27589999999872816,"failureMessages":[],"meta":{}},{"ancestorTitles":["promo codes"],"fullName":"promo codes caps fixed discount at subtotal","status":"passed","title":"caps fixed discount at subtotal","duration":0.29390000000057626,"failureMessages":[],"meta":{}}],"startTime":1778250316887,"endTime":1778250316887.294,"status":"passed","message":"","name":"E:/diploma (7)/diploma/tests/unit/promo-codes.test.js"}]}